# JRE version: OpenJDK Runtime Environment (17.0.7+7) (build 17.0.7+7-LTS)
# Java VM: OpenJDK 64-Bit Server VM (17.0.7+7-LTS, mixed mode, sharing, tiered, compressed oops, compressed class ptrs, g1 gc, windows-amd64)
GC Precious Log:
 CPUs: 12 total, 12 available
 Memory: 24359M
 Large Page Support: Disabled
 NUMA Support: Disabled
 Compressed Oops: Enabled (Zero based)
 Heap Region Size: 4M
 Heap Min Capacity: 8M
 Heap Initial Capacity: 384M
 Heap Max Capacity: 6092M
 Pre-touch: Disabled
 Parallel Workers: 10
 Concurrent Workers: 3
 Concurrent Refinement Workers: 10
 Periodic GC: Disabled
Heap:
 garbage-first heap   total 196608K, used 121627K [0x0000000683400000, 0x0000000800000000)
  region size 4096K, 22 young (90112K), 2 survivors (8192K)
 Metaspace       used 32745K, committed 33152K, reserved 1114112K
  class space    used 3661K, committed 3840K, reserved 1048576K
GC Heap History (20 events):
Event: 0.364 GC heap before
{Heap before GC invocations=0 (full 0):
 garbage-first heap   total 393216K, used 20480K [0x0000000683400000, 0x0000000800000000)
  region size 4096K, 5 young (20480K), 0 survivors (0K)
 Metaspace       used 5350K, committed 5504K, reserved 1114112K
  class space    used 636K, committed 704K, reserved 1048576K
}
Event: 0.366 GC heap after
{Heap after GC invocations=1 (full 0):
 garbage-first heap   total 393216K, used 3656K [0x0000000683400000, 0x0000000800000000)
  region size 4096K, 1 young (4096K), 1 survivors (4096K)
 Metaspace       used 5350K, committed 5504K, reserved 1114112K
  class space    used 636K, committed 704K, reserved 1048576K
}
Event: 0.561 GC heap before
{Heap before GC invocations=1 (full 0):
 garbage-first heap   total 393216K, used 24136K [0x0000000683400000, 0x0000000800000000)
  region size 4096K, 6 young (24576K), 1 survivors (4096K)
 Metaspace       used 6968K, committed 7104K, reserved 1114112K
  class space    used 838K, committed 896K, reserved 1048576K
}
Event: 0.563 GC heap after
{Heap after GC invocations=2 (full 0):
 garbage-first heap   total 393216K, used 4386K [0x0000000683400000, 0x0000000800000000)
  region size 4096K, 1 young (4096K), 1 survivors (4096K)
 Metaspace       used 6968K, committed 7104K, reserved 1114112K
  class space    used 838K, committed 896K, reserved 1048576K
}
Event: 1.450 GC heap before
{Heap before GC invocations=2 (full 0):
 garbage-first heap   total 393216K, used 61730K [0x0000000683400000, 0x0000000800000000)
  region size 4096K, 15 young (61440K), 1 survivors (4096K)
 Metaspace       used 14864K, committed 15040K, reserved 1114112K
  class space    used 1795K, committed 1856K, reserved 1048576K
}
Event: 1.454 GC heap after
{Heap after GC invocations=3 (full 0):
 garbage-first heap   total 393216K, used 10080K [0x0000000683400000, 0x0000000800000000)
  region size 4096K, 2 young (8192K), 2 survivors (8192K)
 Metaspace       used 14864K, committed 15040K, reserved 1114112K
  class space    used 1795K, committed 1856K, reserved 1048576K
}
Event: 2.823 GC heap before
{Heap before GC invocations=3 (full 0):
 garbage-first heap   total 393216K, used 116576K [0x0000000683400000, 0x0000000800000000)
  region size 4096K, 29 young (118784K), 2 survivors (8192K)
 Metaspace       used 21182K, committed 21504K, reserved 1114112K
  class space    used 2507K, committed 2688K, reserved 1048576K
}
Event: 2.838 GC heap after
{Heap after GC invocations=4 (full 0):
 garbage-first heap   total 393216K, used 21744K [0x0000000683400000, 0x0000000800000000)
  region size 4096K, 5 young (20480K), 5 survivors (20480K)
 Metaspace       used 21182K, committed 21504K, reserved 1114112K
  class space    used 2507K, committed 2688K, reserved 1048576K
}
Event: 3.514 GC heap before
{Heap before GC invocations=5 (full 0):
 garbage-first heap   total 98304K, used 58608K [0x0000000683400000, 0x0000000800000000)
  region size 4096K, 14 young (57344K), 5 survivors (20480K)
 Metaspace       used 25733K, committed 26048K, reserved 1114112K
  class space    used 2984K, committed 3136K, reserved 1048576K
}
Event: 3.541 GC heap after
{Heap after GC invocations=6 (full 0):
 garbage-first heap   total 98304K, used 33798K [0x0000000683400000, 0x0000000800000000)
  region size 4096K, 2 young (8192K), 2 survivors (8192K)
 Metaspace       used 25733K, committed 26048K, reserved 1114112K
  class space    used 2984K, committed 3136K, reserved 1048576K
}
Event: 3.573 GC heap before
{Heap before GC invocations=6 (full 0):
 garbage-first heap   total 98304K, used 37894K [0x0000000683400000, 0x0000000800000000)
  region size 4096K, 3 young (12288K), 2 survivors (8192K)
 Metaspace       used 25733K, committed 26048K, reserved 1114112K
  class space    used 2984K, committed 3136K, reserved 1048576K
}
Event: 3.596 GC heap after
{Heap after GC invocations=7 (full 0):
 garbage-first heap   total 98304K, used 36383K [0x0000000683400000, 0x0000000800000000)
  region size 4096K, 1 young (4096K), 1 survivors (4096K)
 Metaspace       used 25733K, committed 26048K, reserved 1114112K
  class space    used 2984K, committed 3136K, reserved 1048576K
}
Event: 3.932 GC heap before
{Heap before GC invocations=7 (full 0):
 garbage-first heap   total 98304K, used 60959K [0x0000000683400000, 0x0000000800000000)
  region size 4096K, 7 young (28672K), 1 survivors (4096K)
 Metaspace       used 26510K, committed 26816K, reserved 1114112K
  class space    used 3051K, committed 3200K, reserved 1048576K
}
Event: 3.944 GC heap after
{Heap after GC invocations=8 (full 0):
 garbage-first heap   total 196608K, used 39709K [0x0000000683400000, 0x0000000800000000)
  region size 4096K, 1 young (4096K), 1 survivors (4096K)
 Metaspace       used 26510K, committed 26816K, reserved 1114112K
  class space    used 3051K, committed 3200K, reserved 1048576K
}
Event: 5.104 GC heap before
{Heap before GC invocations=8 (full 0):
 garbage-first heap   total 196608K, used 121629K [0x0000000683400000, 0x0000000800000000)
  region size 4096K, 21 young (86016K), 1 survivors (4096K)
 Metaspace       used 29353K, committed 29696K, reserved 1114112K
  class space    used 3337K, committed 3456K, reserved 1048576K
}
Event: 5.115 GC heap after
{Heap after GC invocations=9 (full 0):
 garbage-first heap   total 196608K, used 43805K [0x0000000683400000, 0x0000000800000000)
  region size 4096K, 2 young (8192K), 2 survivors (8192K)
 Metaspace       used 29353K, committed 29696K, reserved 1114112K
  class space    used 3337K, committed 3456K, reserved 1048576K
}
Event: 5.410 GC heap before
{Heap before GC invocations=9 (full 0):
 garbage-first heap   total 196608K, used 129821K [0x0000000683400000, 0x0000000800000000)
  region size 4096K, 23 young (94208K), 2 survivors (8192K)
 Metaspace       used 29596K, committed 29888K, reserved 1114112K
  class space    used 3342K, committed 3456K, reserved 1048576K
}
Event: 5.421 GC heap after
{Heap after GC invocations=10 (full 0):
 garbage-first heap   total 196608K, used 45512K [0x0000000683400000, 0x0000000800000000)
  region size 4096K, 2 young (8192K), 2 survivors (8192K)
 Metaspace       used 29596K, committed 29888K, reserved 1114112K
  class space    used 3342K, committed 3456K, reserved 1048576K
}
Event: 6.935 GC heap before
{Heap before GC invocations=10 (full 0):
 garbage-first heap   total 196608K, used 135624K [0x0000000683400000, 0x0000000800000000)
  region size 4096K, 24 young (98304K), 2 survivors (8192K)
 Metaspace       used 32000K, committed 32320K, reserved 1114112K
  class space    used 3573K, committed 3712K, reserved 1048576K
}
Event: 6.942 GC heap after
{Heap after GC invocations=11 (full 0):
 garbage-first heap   total 196608K, used 47899K [0x0000000683400000, 0x0000000800000000)
  region size 4096K, 2 young (8192K), 2 survivors (8192K)
 Metaspace       used 32000K, committed 32320K, reserved 1114112K
  class space    used 3573K, committed 3712K, reserved 1048576K
}

